Using pre-set license
Built from '2020.3/staging' branch; Version is '2020.3.23f1 (c5d91304a876) revision 12966163'; Using compiler version '192528614'; Build Type 'Release'
OS: 'Windows 10 Pro; OS build 19043.1348; Version 2009; 64bit' Language: 'en' Physical Memory: 12156 MB
BatchMode: 1, IsHumanControllingUs: 0, StartBugReporterOnCrash: 0, Is64bit: 1, IsPro: 0

COMMAND LINE ARGUMENTS:
C:\Program Files\Unity\Hub\Editor\2020.3.23f1\Editor\Unity.exe
-adb2
-batchMode
-noUpm
-name
AssetImportWorker0
-projectPath
D:/myfile/CS 222/lab2/MyShaderes
-logFile
Logs/AssetImportWorker0.log
-srvPort
60250
Successfully changed project path to: D:/myfile/CS 222/lab2/MyShaderes
D:/myfile/CS 222/lab2/MyShaderes
Using Asset Import Pipeline V2.
Refreshing native plugins compatible for Editor in 63.41 ms, found 2 plugins.
Preloading 0 native plugins for Editor in 0.00 ms.
Initialize engine version: 2020.3.23f1 (c5d91304a876)
[Subsystems] Discovering subsystems at path C:/Program Files/Unity/Hub/Editor/2020.3.23f1/Editor/Data/Resources/UnitySubsystems
[Subsystems] Discovering subsystems at path D:/myfile/CS 222/lab2/MyShaderes/Assets
GfxDevice: creating device client; threaded=0
Direct3D:
    Version:  Direct3D 11.0 [level 11.1]
    Renderer: NVIDIA GeForce GTX 1050 (ID=0x1c8d)
    Vendor:   
    VRAM:     4021 MB
    Driver:   30.0.14.9649
Initialize mono
Mono path[0] = 'C:/Program Files/Unity/Hub/Editor/2020.3.23f1/Editor/Data/Managed'
Mono path[1] = 'C:/Program Files/Unity/Hub/Editor/2020.3.23f1/Editor/Data/MonoBleedingEdge/lib/mono/unityjit'
Mono config path = 'C:/Program Files/Unity/Hub/Editor/2020.3.23f1/Editor/Data/MonoBleedingEdge/etc'
Using monoOptions --debugger-agent=transport=dt_socket,embedding=1,server=y,suspend=n,address=127.0.0.1:56944
Begin MonoManager ReloadAssembly
Registering precompiled unity dll's ...
Register platform support module: C:/Program Files/Unity/Hub/Editor/2020.3.23f1/Editor/Data/PlaybackEngines/WindowsStandaloneSupport/UnityEditor.WindowsStandalone.Extensions.dll
Registered in 0.002907 seconds.
Native extension for WindowsStandalone target not found
Refreshing native plugins compatible for Editor in 76.93 ms, found 2 plugins.
Preloading 0 native plugins for Editor in 0.00 ms.
Mono: successfully reloaded assembly
- Completed reload, in  0.692 seconds
Domain Reload Profiling:
	ReloadAssembly (692ms)
		BeginReloadAssembly (81ms)
			ExecutionOrderSort (0ms)
			DisableScriptedObjects (0ms)
			BackupInstance (0ms)
			ReleaseScriptingObjects (0ms)
			CreateAndSetChildDomain (1ms)
		EndReloadAssembly (525ms)
			LoadAssemblies (77ms)
			RebuildTransferFunctionScriptingTraits (0ms)
			SetupTypeCache (171ms)
			ReleaseScriptCaches (0ms)
			RebuildScriptCaches (36ms)
			SetupLoadedEditorAssemblies (214ms)
				LogAssemblyErrors (0ms)
				InitializePlatformSupportModulesInManaged (4ms)
				SetLoadedEditorAssemblies (0ms)
				RefreshPlugins (77ms)
				BeforeProcessingInitializeOnLoad (15ms)
				ProcessInitializeOnLoadAttributes (86ms)
				ProcessInitializeOnLoadMethodAttributes (31ms)
				AfterProcessingInitializeOnLoad (0ms)
				EditorAssembliesLoaded (0ms)
			ExecutionOrderSort2 (0ms)
			AwakeInstancesAfterBackupRestoration (0ms)
Platform modules already initialized, skipping
Registering precompiled user dll's ...
Registered in 0.003715 seconds.
Begin MonoManager ReloadAssembly
Native extension for WindowsStandalone target not found
Refreshing native plugins compatible for Editor in 59.39 ms, found 2 plugins.
Preloading 0 native plugins for Editor in 0.00 ms.
Mono: successfully reloaded assembly
- Completed reload, in  1.337 seconds
Domain Reload Profiling:
	ReloadAssembly (1338ms)
		BeginReloadAssembly (159ms)
			ExecutionOrderSort (0ms)
			DisableScriptedObjects (6ms)
			BackupInstance (0ms)
			ReleaseScriptingObjects (0ms)
			CreateAndSetChildDomain (20ms)
		EndReloadAssembly (1111ms)
			LoadAssemblies (97ms)
			RebuildTransferFunctionScriptingTraits (0ms)
			SetupTypeCache (367ms)
			ReleaseScriptCaches (1ms)
			RebuildScriptCaches (55ms)
			SetupLoadedEditorAssemblies (446ms)
				LogAssemblyErrors (0ms)
				InitializePlatformSupportModulesInManaged (4ms)
				SetLoadedEditorAssemblies (0ms)
				RefreshPlugins (59ms)
				BeforeProcessingInitializeOnLoad (96ms)
				ProcessInitializeOnLoadAttributes (267ms)
				ProcessInitializeOnLoadMethodAttributes (10ms)
				AfterProcessingInitializeOnLoad (9ms)
				EditorAssembliesLoaded (1ms)
			ExecutionOrderSort2 (0ms)
			AwakeInstancesAfterBackupRestoration (17ms)
Platform modules already initialized, skipping
========================================================================
Worker process is ready to serve import requests
Launched and connected shader compiler UnityShaderCompiler.exe after 0.10 seconds
Refreshing native plugins compatible for Editor in 0.91 ms, found 2 plugins.
Preloading 0 native plugins for Editor in 0.00 ms.
Unloading 2948 Unused Serialized files (Serialized files now loaded: 0)
System memory in use before: 138.1 MB.
System memory in use after: 138.3 MB.

Unloading 20 unused Assets to reduce memory usage. Loaded Objects now: 3393.
Total: 3.631900 ms (FindLiveObjects: 0.317000 ms CreateObjectMapping: 0.139500 ms MarkObjects: 3.006000 ms  DeleteObjects: 0.168300 ms)

AssetImportParameters requested are different than current active one (requested -> active):
  custom:framework-win-MediaFoundation: 216162199b28c13a410421893ffa2e32 -> 
  custom:video-decoder-ogg-theora: a1e56fd34408186e4bbccfd4996cb3dc -> 
  custom:container-muxer-webm: aa71ff27fc2769a1b78a27578f13a17b -> 
  custom:container-demuxer-webm: 4f35f7cbe854078d1ac9338744f61a02 -> 
  custom:container-demuxer-ogg: 62fdf1f143b41e24485cea50d1cbac27 -> 
  custom:video-encoder-webm-vp8: eb34c28f22e8b96e1ab97ce403110664 -> 
  custom:video-decoder-webm-vp8: 9c59270c3fd7afecdb556c50c9e8de78 -> 
  custom:audio-decoder-ogg-vorbis: bf7c407c2cedff20999df2af8eb42d56 -> 
  custom:audio-encoder-webm-vorbis: bf7c407c2cedff20999df2af8eb42d56 -> 
========================================================================
Received Import Request.
  path: Assets/MyShader/formtocontorl.mat
  artifactKey: Guid(6ebcc1b0e4f3d8147bc0d24fb430ddb2) Importer(815301076,1909f56bfc062723c751e8b465ee728b)
Start importing Assets/MyShader/formtocontorl.mat using Guid(6ebcc1b0e4f3d8147bc0d24fb430ddb2) Importer(815301076,1909f56bfc062723c751e8b465ee728b)  -> (artifact id: 'd9d80630a2a4063d9931258debad224c') in 0.549130 seconds 
  Import took 0.582019 seconds .

========================================================================
Received Import Request.
  Time since last request: 27.848740 seconds.
  path: Assets/model/jasper@Sitting Angry.fbx
  artifactKey: Guid(2c5b576aac68314489b04248e095b651) Importer(815301076,1909f56bfc062723c751e8b465ee728b)
Start importing Assets/model/jasper@Sitting Angry.fbx using Guid(2c5b576aac68314489b04248e095b651) Importer(815301076,1909f56bfc062723c751e8b465ee728b)  -> (artifact id: '30875f129d6b6c42717d636e10be7211') in 1.032241 seconds 
  Import took 1.041550 seconds .

========================================================================
Received Import Request.
  Time since last request: 50.700428 seconds.
  path: Assets/model/jasper@Sitting Angry.fbx
  artifactKey: Guid(2c5b576aac68314489b04248e095b651) Importer(815301076,1909f56bfc062723c751e8b465ee728b)
Start importing Assets/model/jasper@Sitting Angry.fbx using Guid(2c5b576aac68314489b04248e095b651) Importer(815301076,1909f56bfc062723c751e8b465ee728b)  -> (artifact id: '8429e01013191d4b41ce1a78112f7d28') in 0.259962 seconds 
  Import took 0.267600 seconds .

========================================================================
Received Import Request.
  Time since last request: 34.478149 seconds.
  path: Assets/model/jasper@Sitting Angry.fbx
  artifactKey: Guid(2c5b576aac68314489b04248e095b651) Importer(815301076,1909f56bfc062723c751e8b465ee728b)
Start importing Assets/model/jasper@Sitting Angry.fbx using Guid(2c5b576aac68314489b04248e095b651) Importer(815301076,1909f56bfc062723c751e8b465ee728b)  -> (artifact id: '910e16545bec33d8516ea8e0b0dd7a50') in 0.224389 seconds 
  Import took 0.231879 seconds .

========================================================================
Received Import Request.
  Time since last request: 8.820026 seconds.
  path: Assets/model/jasper@Sitting Angry.fbx
  artifactKey: Guid(2c5b576aac68314489b04248e095b651) Importer(815301076,1909f56bfc062723c751e8b465ee728b)
Start importing Assets/model/jasper@Sitting Angry.fbx using Guid(2c5b576aac68314489b04248e095b651) Importer(815301076,1909f56bfc062723c751e8b465ee728b)  -> (artifact id: 'af5da934df6d27ffeb565fdbeaa39662') in 0.171313 seconds 
  Import took 0.180013 seconds .

========================================================================
Received Import Request.
  Time since last request: 10.919019 seconds.
  path: Assets/model/jasper@Sitting Angry.fbx
  artifactKey: Guid(2c5b576aac68314489b04248e095b651) Importer(815301076,1909f56bfc062723c751e8b465ee728b)
Start importing Assets/model/jasper@Sitting Angry.fbx using Guid(2c5b576aac68314489b04248e095b651) Importer(815301076,1909f56bfc062723c751e8b465ee728b)  -> (artifact id: '56415a16410a0d014f142c9220b6c482') in 0.243587 seconds 
  Import took 0.252171 seconds .

========================================================================
Received Import Request.
  Time since last request: 26.136905 seconds.
  path: Assets/model/jasper@Sitting Angry.fbx
  artifactKey: Guid(2c5b576aac68314489b04248e095b651) Importer(815301076,1909f56bfc062723c751e8b465ee728b)
Start importing Assets/model/jasper@Sitting Angry.fbx using Guid(2c5b576aac68314489b04248e095b651) Importer(815301076,1909f56bfc062723c751e8b465ee728b)  -> (artifact id: 'e3723fe4590eb7160fb2f8ad9023cae6') in 0.186633 seconds 
  Import took 0.195516 seconds .

========================================================================
Received Prepare
Registering precompiled user dll's ...
Registered in 0.004932 seconds.
Begin MonoManager ReloadAssembly
Native extension for WindowsStandalone target not found
Refreshing native plugins compatible for Editor in 0.71 ms, found 2 plugins.
Preloading 0 native plugins for Editor in 0.00 ms.
Mono: successfully reloaded assembly
- Completed reload, in  1.194 seconds
Domain Reload Profiling:
	ReloadAssembly (1195ms)
		BeginReloadAssembly (144ms)
			ExecutionOrderSort (0ms)
			DisableScriptedObjects (7ms)
			BackupInstance (0ms)
			ReleaseScriptingObjects (0ms)
			CreateAndSetChildDomain (43ms)
		EndReloadAssembly (987ms)
			LoadAssemblies (97ms)
			RebuildTransferFunctionScriptingTraits (0ms)
			SetupTypeCache (337ms)
			ReleaseScriptCaches (1ms)
			RebuildScriptCaches (47ms)
			SetupLoadedEditorAssemblies (343ms)
				LogAssemblyErrors (0ms)
				InitializePlatformSupportModulesInManaged (5ms)
				SetLoadedEditorAssemblies (1ms)
				RefreshPlugins (1ms)
				BeforeProcessingInitializeOnLoad (101ms)
				ProcessInitializeOnLoadAttributes (215ms)
				ProcessInitializeOnLoadMethodAttributes (12ms)
				AfterProcessingInitializeOnLoad (9ms)
				EditorAssembliesLoaded (0ms)
			ExecutionOrderSort2 (0ms)
			AwakeInstancesAfterBackupRestoration (16ms)
Platform modules already initialized, skipping
Refreshing native plugins compatible for Editor in 0.72 ms, found 2 plugins.
Preloading 0 native plugins for Editor in 0.00 ms.
Unloading 2833 Unused Serialized files (Serialized files now loaded: 0)
System memory in use before: 149.5 MB.
System memory in use after: 149.7 MB.

Unloading 15 unused Assets to reduce memory usage. Loaded Objects now: 3478.
Total: 3.340300 ms (FindLiveObjects: 0.299600 ms CreateObjectMapping: 0.153700 ms MarkObjects: 2.866100 ms  DeleteObjects: 0.020000 ms)

AssetImportParameters requested are different than current active one (requested -> active):
  custom:framework-win-MediaFoundation: 216162199b28c13a410421893ffa2e32 -> 
  custom:video-decoder-ogg-theora: a1e56fd34408186e4bbccfd4996cb3dc -> 
  custom:container-muxer-webm: aa71ff27fc2769a1b78a27578f13a17b -> 
  custom:container-demuxer-webm: 4f35f7cbe854078d1ac9338744f61a02 -> 
  custom:container-demuxer-ogg: 62fdf1f143b41e24485cea50d1cbac27 -> 
  custom:video-encoder-webm-vp8: eb34c28f22e8b96e1ab97ce403110664 -> 
  custom:video-decoder-webm-vp8: 9c59270c3fd7afecdb556c50c9e8de78 -> 
  custom:audio-decoder-ogg-vorbis: bf7c407c2cedff20999df2af8eb42d56 -> 
  custom:audio-encoder-webm-vorbis: bf7c407c2cedff20999df2af8eb42d56 -> 
========================================================================
Received Prepare
Registering precompiled user dll's ...
Registered in 0.003707 seconds.
Begin MonoManager ReloadAssembly
Native extension for WindowsStandalone target not found
Refreshing native plugins compatible for Editor in 0.57 ms, found 2 plugins.
Preloading 0 native plugins for Editor in 0.00 ms.
Mono: successfully reloaded assembly
- Completed reload, in  1.150 seconds
Domain Reload Profiling:
	ReloadAssembly (1151ms)
		BeginReloadAssembly (119ms)
			ExecutionOrderSort (0ms)
			DisableScriptedObjects (5ms)
			BackupInstance (0ms)
			ReleaseScriptingObjects (0ms)
			CreateAndSetChildDomain (37ms)
		EndReloadAssembly (962ms)
			LoadAssemblies (99ms)
			RebuildTransferFunctionScriptingTraits (0ms)
			SetupTypeCache (346ms)
			ReleaseScriptCaches (1ms)
			RebuildScriptCaches (43ms)
			SetupLoadedEditorAssemblies (315ms)
				LogAssemblyErrors (0ms)
				InitializePlatformSupportModulesInManaged (4ms)
				SetLoadedEditorAssemblies (0ms)
				RefreshPlugins (1ms)
				BeforeProcessingInitializeOnLoad (96ms)
				ProcessInitializeOnLoadAttributes (197ms)
				ProcessInitializeOnLoadMethodAttributes (10ms)
				AfterProcessingInitializeOnLoad (7ms)
				EditorAssembliesLoaded (0ms)
			ExecutionOrderSort2 (0ms)
			AwakeInstancesAfterBackupRestoration (17ms)
Platform modules already initialized, skipping
Refreshing native plugins compatible for Editor in 0.67 ms, found 2 plugins.
Preloading 0 native plugins for Editor in 0.00 ms.
Unloading 2833 Unused Serialized files (Serialized files now loaded: 0)
System memory in use before: 149.6 MB.
System memory in use after: 149.8 MB.

Unloading 15 unused Assets to reduce memory usage. Loaded Objects now: 3480.
Total: 3.832300 ms (FindLiveObjects: 0.505500 ms CreateObjectMapping: 0.211800 ms MarkObjects: 3.067600 ms  DeleteObjects: 0.046500 ms)

AssetImportParameters requested are different than current active one (requested -> active):
  custom:framework-win-MediaFoundation: 216162199b28c13a410421893ffa2e32 -> 
  custom:video-decoder-ogg-theora: a1e56fd34408186e4bbccfd4996cb3dc -> 
  custom:container-muxer-webm: aa71ff27fc2769a1b78a27578f13a17b -> 
  custom:container-demuxer-webm: 4f35f7cbe854078d1ac9338744f61a02 -> 
  custom:container-demuxer-ogg: 62fdf1f143b41e24485cea50d1cbac27 -> 
  custom:video-encoder-webm-vp8: eb34c28f22e8b96e1ab97ce403110664 -> 
  custom:video-decoder-webm-vp8: 9c59270c3fd7afecdb556c50c9e8de78 -> 
  custom:audio-decoder-ogg-vorbis: bf7c407c2cedff20999df2af8eb42d56 -> 
  custom:audio-encoder-webm-vorbis: bf7c407c2cedff20999df2af8eb42d56 -> 
========================================================================
Received Import Request.
  Time since last request: 377.935615 seconds.
  path: Assets/model/jasper@Sitting Angry.fbm/Jasper_Body_Diffuse.png
  artifactKey: Guid(8d7f51ddd5ffccb43b01f2a9676f46dc) Importer(815301076,1909f56bfc062723c751e8b465ee728b)
Start importing Assets/model/jasper@Sitting Angry.fbm/Jasper_Body_Diffuse.png using Guid(8d7f51ddd5ffccb43b01f2a9676f46dc) Importer(815301076,1909f56bfc062723c751e8b465ee728b)  -> (artifact id: 'a7c75622ee4f03eabe3b2c5131dfd275') in 0.097651 seconds 
  Import took 0.107305 seconds .

========================================================================
Received Import Request.
  Time since last request: 0.000455 seconds.
  path: Assets/model/jasper@Sitting Angry.fbm/Jasper_Shoes_Diffuse.png
  artifactKey: Guid(8d28df330b528914fa1ac7153cefa64a) Importer(815301076,1909f56bfc062723c751e8b465ee728b)
Start importing Assets/model/jasper@Sitting Angry.fbm/Jasper_Shoes_Diffuse.png using Guid(8d28df330b528914fa1ac7153cefa64a) Importer(815301076,1909f56bfc062723c751e8b465ee728b)  -> (artifact id: '559d8d65025ce2373bb867329f264c11') in 0.043175 seconds 
  Import took 0.101220 seconds .

========================================================================
Received Import Request.
  Time since last request: 0.000303 seconds.
  path: Assets/model/jasper@Sitting Angry.fbm/Jasper_Hair_Gloss.png
  artifactKey: Guid(3258bf87eb4d7824689b4ff9546249d3) Importer(815301076,1909f56bfc062723c751e8b465ee728b)
Start importing Assets/model/jasper@Sitting Angry.fbm/Jasper_Hair_Gloss.png using Guid(3258bf87eb4d7824689b4ff9546249d3) Importer(815301076,1909f56bfc062723c751e8b465ee728b)  -> (artifact id: 'bfd8507bae1d7511e993d3d5096d414f') in 0.033159 seconds 
  Import took 0.040733 seconds .

========================================================================
Received Import Request.
  Time since last request: 0.000556 seconds.
  path: Assets/model/jasper@Sitting Angry.fbm/Jasper_Top_Gloss.png
  artifactKey: Guid(44ef7624c8a321b4f8629ac484706712) Importer(815301076,1909f56bfc062723c751e8b465ee728b)
Start importing Assets/model/jasper@Sitting Angry.fbm/Jasper_Top_Gloss.png using Guid(44ef7624c8a321b4f8629ac484706712) Importer(815301076,1909f56bfc062723c751e8b465ee728b)  -> (artifact id: '0fe15bd6d7a9dce6145fdfe74ddd6617') in 0.045419 seconds 
  Import took 0.053548 seconds .

========================================================================
Received Import Request.
  Time since last request: 0.000344 seconds.
  path: Assets/model/jasper@Sitting Angry.fbm/Jasper_Hair_Opacity.png
  artifactKey: Guid(8bde98c4f7898b847a159351c87b5b62) Importer(815301076,1909f56bfc062723c751e8b465ee728b)
Start importing Assets/model/jasper@Sitting Angry.fbm/Jasper_Hair_Opacity.png using Guid(8bde98c4f7898b847a159351c87b5b62) Importer(815301076,1909f56bfc062723c751e8b465ee728b)  -> (artifact id: 'b0c5cc914eeeb9ee03c71898c38e0f11') in 0.046656 seconds 
  Import took 0.052845 seconds .

========================================================================
Received Import Request.
  Time since last request: 0.000454 seconds.
  path: Assets/model/jasper@Sitting Angry.fbm/Jasper_Bottom_Normal.png
  artifactKey: Guid(77f1b9e39195a2942958afc71d509b8a) Importer(815301076,1909f56bfc062723c751e8b465ee728b)
Start importing Assets/model/jasper@Sitting Angry.fbm/Jasper_Bottom_Normal.png using Guid(77f1b9e39195a2942958afc71d509b8a) Importer(815301076,1909f56bfc062723c751e8b465ee728b)  -> (artifact id: 'b53ce8362c6e4eb70f9e5558b3495701') in 0.018412 seconds 
  Import took 0.024543 seconds .

========================================================================
Received Import Request.
  Time since last request: 0.000303 seconds.
  path: Assets/model/jasper@Sitting Angry.fbm/Jasper_Shoes_Opacity.png
  artifactKey: Guid(f74839c56c1ad7047846a063e2d10800) Importer(815301076,1909f56bfc062723c751e8b465ee728b)
Start importing Assets/model/jasper@Sitting Angry.fbm/Jasper_Shoes_Opacity.png using Guid(f74839c56c1ad7047846a063e2d10800) Importer(815301076,1909f56bfc062723c751e8b465ee728b)  -> (artifact id: '0f5721557473457f620a56660d0c1a6f') in 0.018184 seconds 
  Import took 0.023158 seconds .

========================================================================
Received Import Request.
  Time since last request: 0.000282 seconds.
  path: Assets/model/jasper@Sitting Angry.fbm/Jasper_Bottom_Gloss.png
  artifactKey: Guid(dc83ce00581ecc746b7d8f01b5380f62) Importer(815301076,1909f56bfc062723c751e8b465ee728b)
Start importing Assets/model/jasper@Sitting Angry.fbm/Jasper_Bottom_Gloss.png using Guid(dc83ce00581ecc746b7d8f01b5380f62) Importer(815301076,1909f56bfc062723c751e8b465ee728b)  -> (artifact id: 'a6b1182ee25f8bfb8d8ed71e396aa486') in 0.017027 seconds 
  Import took 0.024002 seconds .

========================================================================
Received Import Request.
  Time since last request: 0.000286 seconds.
  path: Assets/model/jasper@Sitting Angry.fbm/Jasper_Top_Diffuse.png
  artifactKey: Guid(7403ca70ad7a04a439cb0dbb4de262db) Importer(815301076,1909f56bfc062723c751e8b465ee728b)
Start importing Assets/model/jasper@Sitting Angry.fbm/Jasper_Top_Diffuse.png using Guid(7403ca70ad7a04a439cb0dbb4de262db) Importer(815301076,1909f56bfc062723c751e8b465ee728b)  -> (artifact id: 'a667dc52e1aec7c5d4e0a4f29d7ce4c8') in 0.034026 seconds 
  Import took 0.040322 seconds .

========================================================================
Received Import Request.
  Time since last request: 0.000316 seconds.
  path: Assets/model/jasper@Sitting Angry.fbm/Jasper_Body_Gloss.png
  artifactKey: Guid(adbfde82a5f0e0042900dac649f7edc4) Importer(815301076,1909f56bfc062723c751e8b465ee728b)
Start importing Assets/model/jasper@Sitting Angry.fbm/Jasper_Body_Gloss.png using Guid(adbfde82a5f0e0042900dac649f7edc4) Importer(815301076,1909f56bfc062723c751e8b465ee728b)  -> (artifact id: '6f91a4b8980ef8ac078ca9cf28529c90') in 0.019142 seconds 
  Import took 0.026138 seconds .

========================================================================
Received Import Request.
  Time since last request: 0.000248 seconds.
  path: Assets/model/jasper@Sitting Angry.fbm/Jasper_Bottom_Diffuse.png
  artifactKey: Guid(8db9375d903b1e44c83b8d942cb7f685) Importer(815301076,1909f56bfc062723c751e8b465ee728b)
Start importing Assets/model/jasper@Sitting Angry.fbm/Jasper_Bottom_Diffuse.png using Guid(8db9375d903b1e44c83b8d942cb7f685) Importer(815301076,1909f56bfc062723c751e8b465ee728b)  -> (artifact id: '50bb0ccc38a4cf9cd98e4ebfa4f5a562') in 0.018054 seconds 
  Import took 0.024234 seconds .

========================================================================
Received Import Request.
  Time since last request: 0.000308 seconds.
  path: Assets/model/jasper@Sitting Angry.fbm/Jasper_Shoes_Normal.png
  artifactKey: Guid(af02361f89e466040b07e7219cbb894a) Importer(815301076,1909f56bfc062723c751e8b465ee728b)
Start importing Assets/model/jasper@Sitting Angry.fbm/Jasper_Shoes_Normal.png using Guid(af02361f89e466040b07e7219cbb894a) Importer(815301076,1909f56bfc062723c751e8b465ee728b)  -> (artifact id: '9e4ec393f4d61294d6b238e439a59fd9') in 0.016606 seconds 
  Import took 0.023905 seconds .

========================================================================
Received Import Request.
  Time since last request: 0.000335 seconds.
  path: Assets/model/jasper@Sitting Angry.fbm/Jasper_Bottom_Opacity.png
  artifactKey: Guid(b4870e91d03d02e4e826be76012c45fc) Importer(815301076,1909f56bfc062723c751e8b465ee728b)
Start importing Assets/model/jasper@Sitting Angry.fbm/Jasper_Bottom_Opacity.png using Guid(b4870e91d03d02e4e826be76012c45fc) Importer(815301076,1909f56bfc062723c751e8b465ee728b)  -> (artifact id: '8930c20e65474e74d0ac8830821b410b') in 0.033331 seconds 
  Import took 0.038330 seconds .

========================================================================
Received Import Request.
  Time since last request: 0.000338 seconds.
  path: Assets/model/jasper@Sitting Angry.fbm/Jasper_Top_Specular.png
  artifactKey: Guid(6de236bf381c2f745b14480a34af78d4) Importer(815301076,1909f56bfc062723c751e8b465ee728b)
Start importing Assets/model/jasper@Sitting Angry.fbm/Jasper_Top_Specular.png using Guid(6de236bf381c2f745b14480a34af78d4) Importer(815301076,1909f56bfc062723c751e8b465ee728b)  -> (artifact id: 'ec835502cfc1ae9d9383c5c4f2bce6de') in 0.016602 seconds 
  Import took 0.021662 seconds .

========================================================================
Received Import Request.
  Time since last request: 0.000287 seconds.
  path: Assets/model/jasper@Sitting Angry.fbm/Jasper_Body_Opacity.png
  artifactKey: Guid(0d5b9f4e92902904f9edfacecef884bb) Importer(815301076,1909f56bfc062723c751e8b465ee728b)
Start importing Assets/model/jasper@Sitting Angry.fbm/Jasper_Body_Opacity.png using Guid(0d5b9f4e92902904f9edfacecef884bb) Importer(815301076,1909f56bfc062723c751e8b465ee728b)  -> (artifact id: 'e0a444db91f1e10c29b7aff44ac47841') in 0.018268 seconds 
  Import took 0.023473 seconds .

========================================================================
Received Import Request.
  Time since last request: 0.000356 seconds.
  path: Assets/model/jasper@Sitting Angry.fbm/Jasper_Bottom_Specular.png
  artifactKey: Guid(07140d5c3f8f38c4da5b633f6307cfb3) Importer(815301076,1909f56bfc062723c751e8b465ee728b)
Start importing Assets/model/jasper@Sitting Angry.fbm/Jasper_Bottom_Specular.png using Guid(07140d5c3f8f38c4da5b633f6307cfb3) Importer(815301076,1909f56bfc062723c751e8b465ee728b)  -> (artifact id: '40bc9febd625b5405b0e876b3f32e59e') in 0.020038 seconds 
  Import took 0.025971 seconds .

========================================================================
Received Import Request.
  Time since last request: 0.000318 seconds.
  path: Assets/model/jasper@Sitting Angry.fbm/Jasper_Shoes_Gloss.png
  artifactKey: Guid(90e962f248320cd4db1af820e85e6827) Importer(815301076,1909f56bfc062723c751e8b465ee728b)
Start importing Assets/model/jasper@Sitting Angry.fbm/Jasper_Shoes_Gloss.png using Guid(90e962f248320cd4db1af820e85e6827) Importer(815301076,1909f56bfc062723c751e8b465ee728b)  -> (artifact id: 'a76aa105d519338973704830bb407bdd') in 0.016420 seconds 
  Import took 0.022787 seconds .

========================================================================
Received Import Request.
  Time since last request: 0.000388 seconds.
  path: Assets/model/jasper@Sitting Angry.fbm/Jasper_Body_Normal.png
  artifactKey: Guid(b56b8cbcf8a6c3840842b8cd8f79a5d0) Importer(815301076,1909f56bfc062723c751e8b465ee728b)
Start importing Assets/model/jasper@Sitting Angry.fbm/Jasper_Body_Normal.png using Guid(b56b8cbcf8a6c3840842b8cd8f79a5d0) Importer(815301076,1909f56bfc062723c751e8b465ee728b)  -> (artifact id: '4ee92ca31057b0534821f524a2c04f54') in 0.018609 seconds 
  Import took 0.024289 seconds .

========================================================================
Received Import Request.
  Time since last request: 0.000325 seconds.
  path: Assets/model/jasper@Sitting Angry.fbm/Jasper_Hair_Normal.png
  artifactKey: Guid(d55ad47a2d3d5f143a1d1cb02dee3262) Importer(815301076,1909f56bfc062723c751e8b465ee728b)
Start importing Assets/model/jasper@Sitting Angry.fbm/Jasper_Hair_Normal.png using Guid(d55ad47a2d3d5f143a1d1cb02dee3262) Importer(815301076,1909f56bfc062723c751e8b465ee728b)  -> (artifact id: 'e2d332a2b67cf4fa3998745cedbdd52c') in 0.035152 seconds 
  Import took 0.041516 seconds .

========================================================================
Received Import Request.
  Time since last request: 0.000409 seconds.
  path: Assets/model/jasper@Sitting Angry.fbm/Jasper_Shoes_Specular.png
  artifactKey: Guid(c515510bb3fd7d743b034372293012ba) Importer(815301076,1909f56bfc062723c751e8b465ee728b)
Start importing Assets/model/jasper@Sitting Angry.fbm/Jasper_Shoes_Specular.png using Guid(c515510bb3fd7d743b034372293012ba) Importer(815301076,1909f56bfc062723c751e8b465ee728b)  -> (artifact id: '666ab88c27303d6cb8a31d6369a6e8a2') in 0.016059 seconds 
  Import took 0.022304 seconds .

========================================================================
Received Import Request.
  Time since last request: 0.000281 seconds.
  path: Assets/model/jasper@Sitting Angry.fbm/Jasper_Hair_Diffuse.png
  artifactKey: Guid(f62762aef663f4544925d97c3f383c01) Importer(815301076,1909f56bfc062723c751e8b465ee728b)
Start importing Assets/model/jasper@Sitting Angry.fbm/Jasper_Hair_Diffuse.png using Guid(f62762aef663f4544925d97c3f383c01) Importer(815301076,1909f56bfc062723c751e8b465ee728b)  -> (artifact id: 'eff1827d69201ff2ec783887c6c7bef8') in 0.018075 seconds 
  Import took 0.025432 seconds .

========================================================================
Received Import Request.
  Time since last request: 0.000231 seconds.
  path: Assets/model/jasper@Sitting Angry.fbm/Jasper_Body_Specular.png
  artifactKey: Guid(9fe6558bee5e62e45b62a08193e99f2d) Importer(815301076,1909f56bfc062723c751e8b465ee728b)
Start importing Assets/model/jasper@Sitting Angry.fbm/Jasper_Body_Specular.png using Guid(9fe6558bee5e62e45b62a08193e99f2d) Importer(815301076,1909f56bfc062723c751e8b465ee728b)  -> (artifact id: 'd51fe86084752a1279e1b0719a8b6e39') in 0.016265 seconds 
  Import took 0.022592 seconds .

========================================================================
Received Import Request.
  Time since last request: 0.000294 seconds.
  path: Assets/model/jasper@Sitting Angry.fbm/Jasper_Hair_Specular.png
  artifactKey: Guid(ce1767fe236972842bb44634b4180724) Importer(815301076,1909f56bfc062723c751e8b465ee728b)
Start importing Assets/model/jasper@Sitting Angry.fbm/Jasper_Hair_Specular.png using Guid(ce1767fe236972842bb44634b4180724) Importer(815301076,1909f56bfc062723c751e8b465ee728b)  -> (artifact id: 'd4f643e92349ce493414320d4e9a9db4') in 0.016856 seconds 
  Import took 0.022068 seconds .

========================================================================
Received Import Request.
  Time since last request: 0.000235 seconds.
  path: Assets/model/jasper@Sitting Angry.fbm/Jasper_Top_Opacity.png
  artifactKey: Guid(f8d0a6374f361e14da05952b9ee71cf1) Importer(815301076,1909f56bfc062723c751e8b465ee728b)
Start importing Assets/model/jasper@Sitting Angry.fbm/Jasper_Top_Opacity.png using Guid(f8d0a6374f361e14da05952b9ee71cf1) Importer(815301076,1909f56bfc062723c751e8b465ee728b)  -> (artifact id: 'c35d5a0725949cb1ea026f6d70e3bef0') in 0.017237 seconds 
  Import took 0.024120 seconds .

========================================================================
Received Import Request.
  Time since last request: 0.000284 seconds.
  path: Assets/model/jasper@Sitting Angry.fbm/Jasper_Top_Normal.png
  artifactKey: Guid(f3e3340e082ee694fa93bdc2014a2fa4) Importer(815301076,1909f56bfc062723c751e8b465ee728b)
Start importing Assets/model/jasper@Sitting Angry.fbm/Jasper_Top_Normal.png using Guid(f3e3340e082ee694fa93bdc2014a2fa4) Importer(815301076,1909f56bfc062723c751e8b465ee728b)  -> (artifact id: '790bc062718c0e8352cea862858c423f') in 0.036675 seconds 
  Import took 0.042403 seconds .

========================================================================
Received Prepare
Registering precompiled user dll's ...
Registered in 0.004912 seconds.
Begin MonoManager ReloadAssembly
Native extension for WindowsStandalone target not found
Refreshing native plugins compatible for Editor in 0.55 ms, found 2 plugins.
Preloading 0 native plugins for Editor in 0.00 ms.
Mono: successfully reloaded assembly
- Completed reload, in  1.278 seconds
Domain Reload Profiling:
	ReloadAssembly (1279ms)
		BeginReloadAssembly (137ms)
			ExecutionOrderSort (0ms)
			DisableScriptedObjects (7ms)
			BackupInstance (0ms)
			ReleaseScriptingObjects (0ms)
			CreateAndSetChildDomain (42ms)
		EndReloadAssembly (1075ms)
			LoadAssemblies (97ms)
			RebuildTransferFunctionScriptingTraits (0ms)
			SetupTypeCache (393ms)
			ReleaseScriptCaches (1ms)
			RebuildScriptCaches (41ms)
			SetupLoadedEditorAssemblies (400ms)
				LogAssemblyErrors (0ms)
				InitializePlatformSupportModulesInManaged (4ms)
				SetLoadedEditorAssemblies (1ms)
				RefreshPlugins (1ms)
				BeforeProcessingInitializeOnLoad (102ms)
				ProcessInitializeOnLoadAttributes (276ms)
				ProcessInitializeOnLoadMethodAttributes (10ms)
				AfterProcessingInitializeOnLoad (7ms)
				EditorAssembliesLoaded (0ms)
			ExecutionOrderSort2 (0ms)
			AwakeInstancesAfterBackupRestoration (17ms)
Platform modules already initialized, skipping
Refreshing native plugins compatible for Editor in 0.56 ms, found 2 plugins.
Preloading 0 native plugins for Editor in 0.00 ms.
Unloading 2833 Unused Serialized files (Serialized files now loaded: 0)
System memory in use before: 149.6 MB.
System memory in use after: 149.8 MB.

Unloading 15 unused Assets to reduce memory usage. Loaded Objects now: 3483.
Total: 3.566800 ms (FindLiveObjects: 0.287900 ms CreateObjectMapping: 0.145500 ms MarkObjects: 3.064700 ms  DeleteObjects: 0.067800 ms)

AssetImportParameters requested are different than current active one (requested -> active):
  custom:framework-win-MediaFoundation: 216162199b28c13a410421893ffa2e32 -> 
  custom:video-decoder-ogg-theora: a1e56fd34408186e4bbccfd4996cb3dc -> 
  custom:container-muxer-webm: aa71ff27fc2769a1b78a27578f13a17b -> 
  custom:container-demuxer-webm: 4f35f7cbe854078d1ac9338744f61a02 -> 
  custom:container-demuxer-ogg: 62fdf1f143b41e24485cea50d1cbac27 -> 
  custom:video-encoder-webm-vp8: eb34c28f22e8b96e1ab97ce403110664 -> 
  custom:video-decoder-webm-vp8: 9c59270c3fd7afecdb556c50c9e8de78 -> 
  custom:audio-decoder-ogg-vorbis: bf7c407c2cedff20999df2af8eb42d56 -> 
  custom:audio-encoder-webm-vorbis: bf7c407c2cedff20999df2af8eb42d56 -> 
========================================================================
Received Import Request.
  Time since last request: 326.703912 seconds.
  path: Assets/model/theboss@Sitting Disapproval.fbx
  artifactKey: Guid(574dd1e8942bfdc4ebf23355f10e096c) Importer(815301076,1909f56bfc062723c751e8b465ee728b)
Start importing Assets/model/theboss@Sitting Disapproval.fbx using Guid(574dd1e8942bfdc4ebf23355f10e096c) Importer(815301076,1909f56bfc062723c751e8b465ee728b)  -> (artifact id: '9f4614dc8f0e1cf91eaee404be3b6374') in 1.018768 seconds 
  Import took 1.024851 seconds .

========================================================================
Received Import Request.
  Time since last request: 30.566587 seconds.
  path: Assets/model/theboss@Sitting Disapproval.fbx
  artifactKey: Guid(574dd1e8942bfdc4ebf23355f10e096c) Importer(815301076,1909f56bfc062723c751e8b465ee728b)
Start importing Assets/model/theboss@Sitting Disapproval.fbx using Guid(574dd1e8942bfdc4ebf23355f10e096c) Importer(815301076,1909f56bfc062723c751e8b465ee728b)  -> (artifact id: '1dd198669e8069f0da1b94f183a03a37') in 0.185526 seconds 
  Import took 0.192981 seconds .

========================================================================
Received Import Request.
  Time since last request: 6.405237 seconds.
  path: Assets/model/theboss@Sitting Disapproval.fbx
  artifactKey: Guid(574dd1e8942bfdc4ebf23355f10e096c) Importer(815301076,1909f56bfc062723c751e8b465ee728b)
Start importing Assets/model/theboss@Sitting Disapproval.fbx using Guid(574dd1e8942bfdc4ebf23355f10e096c) Importer(815301076,1909f56bfc062723c751e8b465ee728b)  -> (artifact id: 'b9a26d7a85ce961cb1d23e36acc89b74') in 0.137749 seconds 
  Import took 0.144494 seconds .

========================================================================
Received Prepare
Registering precompiled user dll's ...
Registered in 0.003537 seconds.
Begin MonoManager ReloadAssembly
Native extension for WindowsStandalone target not found
Refreshing native plugins compatible for Editor in 0.65 ms, found 2 plugins.
Preloading 0 native plugins for Editor in 0.00 ms.
Mono: successfully reloaded assembly
- Completed reload, in  1.265 seconds
Domain Reload Profiling:
	ReloadAssembly (1265ms)
		BeginReloadAssembly (200ms)
			ExecutionOrderSort (0ms)
			DisableScriptedObjects (7ms)
			BackupInstance (0ms)
			ReleaseScriptingObjects (0ms)
			CreateAndSetChildDomain (74ms)
		EndReloadAssembly (983ms)
			LoadAssemblies (151ms)
			RebuildTransferFunctionScriptingTraits (0ms)
			SetupTypeCache (351ms)
			ReleaseScriptCaches (1ms)
			RebuildScriptCaches (47ms)
			SetupLoadedEditorAssemblies (316ms)
				LogAssemblyErrors (0ms)
				InitializePlatformSupportModulesInManaged (4ms)
				SetLoadedEditorAssemblies (1ms)
				RefreshPlugins (1ms)
				BeforeProcessingInitializeOnLoad (102ms)
				ProcessInitializeOnLoadAttributes (191ms)
				ProcessInitializeOnLoadMethodAttributes (10ms)
				AfterProcessingInitializeOnLoad (7ms)
				EditorAssembliesLoaded (0ms)
			ExecutionOrderSort2 (0ms)
			AwakeInstancesAfterBackupRestoration (20ms)
Platform modules already initialized, skipping
Refreshing native plugins compatible for Editor in 0.56 ms, found 2 plugins.
Preloading 0 native plugins for Editor in 0.00 ms.
Unloading 2833 Unused Serialized files (Serialized files now loaded: 0)
System memory in use before: 149.8 MB.
System memory in use after: 150.0 MB.

Unloading 15 unused Assets to reduce memory usage. Loaded Objects now: 3521.
Total: 3.441400 ms (FindLiveObjects: 0.333100 ms CreateObjectMapping: 0.135100 ms MarkObjects: 2.921500 ms  DeleteObjects: 0.050700 ms)

AssetImportParameters requested are different than current active one (requested -> active):
  custom:framework-win-MediaFoundation: 216162199b28c13a410421893ffa2e32 -> 
  custom:video-decoder-ogg-theora: a1e56fd34408186e4bbccfd4996cb3dc -> 
  custom:container-muxer-webm: aa71ff27fc2769a1b78a27578f13a17b -> 
  custom:container-demuxer-webm: 4f35f7cbe854078d1ac9338744f61a02 -> 
  custom:container-demuxer-ogg: 62fdf1f143b41e24485cea50d1cbac27 -> 
  custom:video-encoder-webm-vp8: eb34c28f22e8b96e1ab97ce403110664 -> 
  custom:video-decoder-webm-vp8: 9c59270c3fd7afecdb556c50c9e8de78 -> 
  custom:audio-decoder-ogg-vorbis: bf7c407c2cedff20999df2af8eb42d56 -> 
  custom:audio-encoder-webm-vorbis: bf7c407c2cedff20999df2af8eb42d56 -> 
AssetImportWorkerClient::OnTransportError - code=2 error=End of file
